[ 2018-03-09T11:47:35+08:00 ] 111.197.6.177 /Manage/Param/index.html
INFO: [ app_init ] --START--
INFO: Run Behavior\BuildLiteBehavior [ RunTime:0.000011s ]
INFO: [ app_init ] --END-- [ RunTime:0.000267s ]
INFO: [ app_begin ] --START--
INFO: Run Behavior\ReadHtmlCacheBehavior [ RunTime:0.000343s ]
INFO: [ app_begin ] --END-- [ RunTime:0.000382s ]
NOTIC: [8] Undefined offset: 0 /www/wwwroot/pay.com/pay/Common/Logic/BaseLogic.class.php 第 84 行.
NOTIC: [8] Undefined offset: 0 /www/wwwroot/pay.com/pay/Common/Logic/BaseLogic.class.php 第 84 行.
NOTIC: [8] Undefined index: Status /www/wwwroot/pay.com/pay/Common/Logic/AdminLogic.class.php 第 261 行.
NOTIC: [8] Undefined offset: 1 /www/wwwroot/pay.com/pay/Common/Tool/StringChange.class.php 第 270 行.
NOTIC: [8] Undefined offset: 1 /www/wwwroot/pay.com/pay/Common/Tool/StringChange.class.php 第 271 行.
NOTIC: [8] Undefined offset: 1 /www/wwwroot/pay.com/pay/Common/Tool/StringChange.class.php 第 270 行.
NOTIC: [8] Undefined offset: 1 /www/wwwroot/pay.com/pay/Common/Tool/StringChange.class.php 第 271 行.
NOTIC: [8] Undefined offset: 2 /www/wwwroot/pay.com/pay/Common/Controller/DefaultController.class.php 第 199 行.
INFO: [ view_parse ] --START--
INFO: [ template_filter ] --START--
INFO: Run Behavior\ContentReplaceBehavior [ RunTime:0.000068s ]
INFO: [ template_filter ] --END-- [ RunTime:0.000116s ]
INFO: Run Behavior\ParseTemplateBehavior [ RunTime:0.010929s ]
INFO: [ view_parse ] --END-- [ RunTime:0.010969s ]
INFO: [ view_filter ] --START--
INFO: Run Behavior\WriteHtmlCacheBehavior [ RunTime:0.000140s ]
INFO: [ view_filter ] --END-- [ RunTime:0.000174s ]
INFO: [ view_parse ] --START--
INFO: [ template_filter ] --START--
INFO: Run Behavior\ContentReplaceBehavior [ RunTime:0.000052s ]
INFO: [ template_filter ] --END-- [ RunTime:-0.007127s ]
INFO: Run Behavior\ParseTemplateBehavior [ RunTime:0.006616s ]
INFO: [ view_parse ] --END-- [ RunTime:-0.000324s ]
INFO: [ view_filter ] --START--
INFO: Run Behavior\WriteHtmlCacheBehavior [ RunTime:0.000009s ]
INFO: [ view_filter ] --END-- [ RunTime:-0.006796s ]
INFO: [ app_end ] --START--
INFO: Run Behavior\ShowPageTraceBehavior [ RunTime:0.000381s ]
INFO: [ app_end ] --END-- [ RunTime:0.000416s ]

[ 2018-03-09T11:48:55+08:00 ] 111.197.6.177 /Manage/Param/save.html
INFO: [ app_init ] --START--
INFO: Run Behavior\BuildLiteBehavior [ RunTime:0.000011s ]
INFO: [ app_init ] --END-- [ RunTime:0.000258s ]
INFO: [ app_begin ] --START--
INFO: Run Behavior\ReadHtmlCacheBehavior [ RunTime:0.000328s ]
INFO: [ app_begin ] --END-- [ RunTime:0.000364s ]
NOTIC: [8] Undefined offset: 0 /www/wwwroot/pay.com/pay/Common/Logic/BaseLogic.class.php 第 84 行.
NOTIC: [8] Undefined offset: 0 /www/wwwroot/pay.com/pay/Common/Logic/BaseLogic.class.php 第 84 行.
NOTIC: [8] Undefined index: Status /www/wwwroot/pay.com/pay/Common/Logic/AdminLogic.class.php 第 261 行.
NOTIC: [8] Undefined offset: 0 /www/wwwroot/pay.com/pay/Common/Logic/BaseLogic.class.php 第 84 行.
NOTIC: [8] Undefined offset: 4 /www/wwwroot/pay.com/pay/Common/Controller/DefaultController.class.php 第 203 行.

[ 2018-03-09T11:48:58+08:00 ] 111.197.6.177 /Manage/Param
INFO: [ app_init ] --START--
INFO: Run Behavior\BuildLiteBehavior [ RunTime:0.000011s ]
INFO: [ app_init ] --END-- [ RunTime:0.000266s ]
INFO: [ app_begin ] --START--
INFO: Run Behavior\ReadHtmlCacheBehavior [ RunTime:0.000333s ]
INFO: [ app_begin ] --END-- [ RunTime:0.000371s ]
NOTIC: [8] Undefined offset: 0 /www/wwwroot/pay.com/pay/Common/Logic/BaseLogic.class.php 第 84 行.
NOTIC: [8] Undefined offset: 0 /www/wwwroot/pay.com/pay/Common/Logic/BaseLogic.class.php 第 84 行.
NOTIC: [8] Undefined index: Status /www/wwwroot/pay.com/pay/Common/Logic/AdminLogic.class.php 第 261 行.
NOTIC: [8] Undefined offset: 1 /www/wwwroot/pay.com/pay/Common/Tool/StringChange.class.php 第 270 行.
NOTIC: [8] Undefined offset: 1 /www/wwwroot/pay.com/pay/Common/Tool/StringChange.class.php 第 271 行.
NOTIC: [8] Undefined offset: 1 /www/wwwroot/pay.com/pay/Common/Tool/StringChange.class.php 第 270 行.
NOTIC: [8] Undefined offset: 1 /www/wwwroot/pay.com/pay/Common/Tool/StringChange.class.php 第 271 行.
NOTIC: [8] Undefined offset: 2 /www/wwwroot/pay.com/pay/Common/Controller/DefaultController.class.php 第 199 行.
INFO: [ view_parse ] --START--
INFO: [ template_filter ] --START--
INFO: Run Behavior\ContentReplaceBehavior [ RunTime:0.000072s ]
INFO: [ template_filter ] --END-- [ RunTime:0.000120s ]
INFO: Run Behavior\ParseTemplateBehavior [ RunTime:0.011024s ]
INFO: [ view_parse ] --END-- [ RunTime:0.011066s ]
INFO: [ view_filter ] --START--
INFO: Run Behavior\WriteHtmlCacheBehavior [ RunTime:0.000133s ]
INFO: [ view_filter ] --END-- [ RunTime:0.000167s ]
INFO: [ view_parse ] --START--
INFO: [ template_filter ] --START--
INFO: Run Behavior\ContentReplaceBehavior [ RunTime:0.000051s ]
INFO: [ template_filter ] --END-- [ RunTime:-0.007083s ]
INFO: Run Behavior\ParseTemplateBehavior [ RunTime:0.006596s ]
INFO: [ view_parse ] --END-- [ RunTime:-0.000318s ]
INFO: [ view_filter ] --START--
INFO: Run Behavior\WriteHtmlCacheBehavior [ RunTime:0.000009s ]
INFO: [ view_filter ] --END-- [ RunTime:-0.006780s ]
INFO: [ app_end ] --START--
INFO: Run Behavior\ShowPageTraceBehavior [ RunTime:0.000384s ]
INFO: [ app_end ] --END-- [ RunTime:0.000421s ]

[ 2018-03-09T13:42:59+08:00 ] 115.60.93.241 /Manage
INFO: [ app_init ] --START--
INFO: Run Behavior\BuildLiteBehavior [ RunTime:0.000011s ]
INFO: [ app_init ] --END-- [ RunTime:0.000267s ]
INFO: [ app_begin ] --START--
INFO: Run Behavior\ReadHtmlCacheBehavior [ RunTime:0.000330s ]
INFO: [ app_begin ] --END-- [ RunTime:0.000369s ]
NOTIC: [8] Undefined offset: 0 /www/wwwroot/pay.com/pay/Common/Logic/BaseLogic.class.php 第 84 行.
NOTIC: [8] Undefined offset: 0 /www/wwwroot/pay.com/pay/Common/Logic/BaseLogic.class.php 第 84 行.
INFO: [ view_parse ] --START--
INFO: [ template_filter ] --START--
INFO: Run Behavior\ContentReplaceBehavior [ RunTime:0.000036s ]
INFO: [ template_filter ] --END-- [ RunTime:0.000088s ]
INFO: Run Behavior\ParseTemplateBehavior [ RunTime:0.005651s ]
INFO: [ view_parse ] --END-- [ RunTime:0.005694s ]
INFO: [ view_filter ] --START--
INFO: Run Behavior\WriteHtmlCacheBehavior [ RunTime:0.000119s ]
INFO: [ view_filter ] --END-- [ RunTime:0.000153s ]
INFO: [ app_end ] --START--
INFO: Run Behavior\ShowPageTraceBehavior [ RunTime:0.000381s ]
INFO: [ app_end ] --END-- [ RunTime:0.000419s ]

[ 2018-03-09T13:43:02+08:00 ] 115.60.93.241 /Manage/Index/login.html
INFO: [ app_init ] --START--
INFO: Run Behavior\BuildLiteBehavior [ RunTime:0.000011s ]
INFO: [ app_init ] --END-- [ RunTime:0.000261s ]
INFO: [ app_begin ] --START--
INFO: Run Behavior\ReadHtmlCacheBehavior [ RunTime:0.000338s ]
INFO: [ app_begin ] --END-- [ RunTime:0.000374s ]
NOTIC: [8] Undefined offset: 0 /www/wwwroot/pay.com/pay/Common/Logic/BaseLogic.class.php 第 84 行.
NOTIC: [8] Undefined offset: 0 /www/wwwroot/pay.com/pay/Common/Logic/BaseLogic.class.php 第 84 行.
NOTIC: [8] Undefined offset: 0 /www/wwwroot/pay.com/pay/Common/Logic/BaseLogic.class.php 第 84 行.
NOTIC: [8] Undefined offset: 4 /www/wwwroot/pay.com/pay/Common/Controller/DefaultController.class.php 第 203 行.

[ 2018-03-09T13:43:05+08:00 ] 115.60.93.241 /Manage/Main/index.html
INFO: [ app_init ] --START--
INFO: Run Behavior\BuildLiteBehavior [ RunTime:0.000012s ]
INFO: [ app_init ] --END-- [ RunTime:0.000266s ]
INFO: [ app_begin ] --START--
INFO: Run Behavior\ReadHtmlCacheBehavior [ RunTime:0.000340s ]
INFO: [ app_begin ] --END-- [ RunTime:0.000380s ]
NOTIC: [8] Undefined offset: 0 /www/wwwroot/pay.com/pay/Common/Logic/BaseLogic.class.php 第 84 行.
NOTIC: [8] Undefined offset: 0 /www/wwwroot/pay.com/pay/Common/Logic/BaseLogic.class.php 第 84 行.
NOTIC: [8] Undefined index: Status /www/wwwroot/pay.com/pay/Common/Logic/AdminLogic.class.php 第 261 行.
NOTIC: [8192] mysql_get_server_info(): The mysql extension is deprecated and will be removed in the future: use mysqli or PDO instead /www/wwwroot/pay.com/pay/Manage/Controller/MainController.class.php 第 20 行.
INFO: [ view_parse ] --START--
INFO: [ template_filter ] --START--
INFO: Run Behavior\ContentReplaceBehavior [ RunTime:0.000047s ]
INFO: [ template_filter ] --END-- [ RunTime:0.000096s ]
INFO: Run Behavior\ParseTemplateBehavior [ RunTime:0.008918s ]
INFO: [ view_parse ] --END-- [ RunTime:0.008965s ]
INFO: [ view_filter ] --START--
INFO: Run Behavior\WriteHtmlCacheBehavior [ RunTime:0.000120s ]
INFO: [ view_filter ] --END-- [ RunTime:0.000154s ]
INFO: [ app_end ] --START--
INFO: Run Behavior\ShowPageTraceBehavior [ RunTime:0.000377s ]
INFO: [ app_end ] --END-- [ RunTime:0.000413s ]

[ 2018-03-09T13:43:07+08:00 ] 115.60.93.241 /Manage/Param/index.html
INFO: [ app_init ] --START--
INFO: Run Behavior\BuildLiteBehavior [ RunTime:0.000011s ]
INFO: [ app_init ] --END-- [ RunTime:0.000259s ]
INFO: [ app_begin ] --START--
INFO: Run Behavior\ReadHtmlCacheBehavior [ RunTime:0.000332s ]
INFO: [ app_begin ] --END-- [ RunTime:0.000371s ]
NOTIC: [8] Undefined offset: 0 /www/wwwroot/pay.com/pay/Common/Logic/BaseLogic.class.php 第 84 行.
NOTIC: [8] Undefined offset: 0 /www/wwwroot/pay.com/pay/Common/Logic/BaseLogic.class.php 第 84 行.
NOTIC: [8] Undefined index: Status /www/wwwroot/pay.com/pay/Common/Logic/AdminLogic.class.php 第 261 行.
NOTIC: [8] Undefined offset: 1 /www/wwwroot/pay.com/pay/Common/Tool/StringChange.class.php 第 270 行.
NOTIC: [8] Undefined offset: 1 /www/wwwroot/pay.com/pay/Common/Tool/StringChange.class.php 第 271 行.
NOTIC: [8] Undefined offset: 1 /www/wwwroot/pay.com/pay/Common/Tool/StringChange.class.php 第 270 行.
NOTIC: [8] Undefined offset: 1 /www/wwwroot/pay.com/pay/Common/Tool/StringChange.class.php 第 271 行.
NOTIC: [8] Undefined offset: 2 /www/wwwroot/pay.com/pay/Common/Controller/DefaultController.class.php 第 199 行.
INFO: [ view_parse ] --START--
INFO: [ template_filter ] --START--
INFO: Run Behavior\ContentReplaceBehavior [ RunTime:0.000068s ]
INFO: [ template_filter ] --END-- [ RunTime:0.000118s ]
INFO: Run Behavior\ParseTemplateBehavior [ RunTime:0.011377s ]
INFO: [ view_parse ] --END-- [ RunTime:0.011426s ]
INFO: [ view_filter ] --START--
INFO: Run Behavior\WriteHtmlCacheBehavior [ RunTime:0.000153s ]
INFO: [ view_filter ] --END-- [ RunTime:0.000187s ]
INFO: [ view_parse ] --START--
INFO: [ template_filter ] --START--
INFO: Run Behavior\ContentReplaceBehavior [ RunTime:0.000054s ]
INFO: [ template_filter ] --END-- [ RunTime:-0.007295s ]
INFO: Run Behavior\ParseTemplateBehavior [ RunTime:0.006687s ]
INFO: [ view_parse ] --END-- [ RunTime:-0.000344s ]
INFO: [ view_filter ] --START--
INFO: Run Behavior\WriteHtmlCacheBehavior [ RunTime:0.000009s ]
INFO: [ view_filter ] --END-- [ RunTime:-0.006881s ]
INFO: [ app_end ] --START--
INFO: Run Behavior\ShowPageTraceBehavior [ RunTime:0.000387s ]
INFO: [ app_end ] --END-- [ RunTime:0.000423s ]

[ 2018-03-09T13:43:35+08:00 ] 106.120.161.66 /Manage
INFO: [ app_init ] --START--
INFO: Run Behavior\BuildLiteBehavior [ RunTime:0.000011s ]
INFO: [ app_init ] --END-- [ RunTime:0.000257s ]
INFO: [ app_begin ] --START--
INFO: Run Behavior\ReadHtmlCacheBehavior [ RunTime:0.000332s ]
INFO: [ app_begin ] --END-- [ RunTime:0.000369s ]
NOTIC: [8] Undefined offset: 0 /www/wwwroot/pay.com/pay/Common/Logic/BaseLogic.class.php 第 84 行.
NOTIC: [8] Undefined offset: 0 /www/wwwroot/pay.com/pay/Common/Logic/BaseLogic.class.php 第 84 行.
INFO: [ view_parse ] --START--
INFO: [ template_filter ] --START--
INFO: Run Behavior\ContentReplaceBehavior [ RunTime:0.000038s ]
INFO: [ template_filter ] --END-- [ RunTime:0.000092s ]
INFO: Run Behavior\ParseTemplateBehavior [ RunTime:0.005595s ]
INFO: [ view_parse ] --END-- [ RunTime:0.005637s ]
INFO: [ view_filter ] --START--
INFO: Run Behavior\WriteHtmlCacheBehavior [ RunTime:0.000123s ]
INFO: [ view_filter ] --END-- [ RunTime:0.000157s ]
INFO: [ app_end ] --START--
INFO: Run Behavior\ShowPageTraceBehavior [ RunTime:0.000367s ]
INFO: [ app_end ] --END-- [ RunTime:0.000406s ]

[ 2018-03-09T13:43:55+08:00 ] 220.181.132.195 /Manage
INFO: [ app_init ] --START--
INFO: Run Behavior\BuildLiteBehavior [ RunTime:0.000010s ]
INFO: [ app_init ] --END-- [ RunTime:0.000266s ]
INFO: [ app_begin ] --START--
INFO: Run Behavior\ReadHtmlCacheBehavior [ RunTime:0.000330s ]
INFO: [ app_begin ] --END-- [ RunTime:0.000375s ]
NOTIC: [8] Undefined offset: 0 /www/wwwroot/pay.com/pay/Common/Logic/BaseLogic.class.php 第 84 行.
NOTIC: [8] Undefined offset: 0 /www/wwwroot/pay.com/pay/Common/Logic/BaseLogic.class.php 第 84 行.
INFO: [ view_parse ] --START--
INFO: [ template_filter ] --START--
INFO: Run Behavior\ContentReplaceBehavior [ RunTime:0.000036s ]
INFO: [ template_filter ] --END-- [ RunTime:0.000090s ]
INFO: Run Behavior\ParseTemplateBehavior [ RunTime:0.005589s ]
INFO: [ view_parse ] --END-- [ RunTime:0.005631s ]
INFO: [ view_filter ] --START--
INFO: Run Behavior\WriteHtmlCacheBehavior [ RunTime:0.000119s ]
INFO: [ view_filter ] --END-- [ RunTime:0.000152s ]
INFO: [ app_end ] --START--
INFO: Run Behavior\ShowPageTraceBehavior [ RunTime:0.000371s ]
INFO: [ app_end ] --END-- [ RunTime:0.000410s ]

[ 2018-03-09T13:44:37+08:00 ] 115.60.93.241 /Manage/Param/index.html
INFO: [ app_init ] --START--
INFO: Run Behavior\BuildLiteBehavior [ RunTime:0.000017s ]
INFO: [ app_init ] --END-- [ RunTime:0.000310s ]
INFO: [ app_begin ] --START--
INFO: Run Behavior\ReadHtmlCacheBehavior [ RunTime:0.000376s ]
INFO: [ app_begin ] --END-- [ RunTime:0.000422s ]
NOTIC: [8] Undefined offset: 0 /www/wwwroot/pay.com/pay/Common/Logic/BaseLogic.class.php 第 84 行.
NOTIC: [8] Undefined offset: 0 /www/wwwroot/pay.com/pay/Common/Logic/BaseLogic.class.php 第 84 行.
NOTIC: [8] Undefined index: Status /www/wwwroot/pay.com/pay/Common/Logic/AdminLogic.class.php 第 261 行.
NOTIC: [8] Undefined offset: 1 /www/wwwroot/pay.com/pay/Common/Tool/StringChange.class.php 第 270 行.
NOTIC: [8] Undefined offset: 1 /www/wwwroot/pay.com/pay/Common/Tool/StringChange.class.php 第 271 行.
NOTIC: [8] Undefined offset: 1 /www/wwwroot/pay.com/pay/Common/Tool/StringChange.class.php 第 270 行.
NOTIC: [8] Undefined offset: 1 /www/wwwroot/pay.com/pay/Common/Tool/StringChange.class.php 第 271 行.
NOTIC: [8] Undefined offset: 2 /www/wwwroot/pay.com/pay/Common/Controller/DefaultController.class.php 第 199 行.
INFO: [ view_parse ] --START--
INFO: [ template_filter ] --START--
INFO: Run Behavior\ContentReplaceBehavior [ RunTime:0.000077s ]
INFO: [ template_filter ] --END-- [ RunTime:0.000131s ]
INFO: Run Behavior\ParseTemplateBehavior [ RunTime:0.012150s ]
INFO: [ view_parse ] --END-- [ RunTime:0.012196s ]
INFO: [ view_filter ] --START--
INFO: Run Behavior\WriteHtmlCacheBehavior [ RunTime:0.000134s ]
INFO: [ view_filter ] --END-- [ RunTime:0.000174s ]
INFO: [ view_parse ] --START--
INFO: [ template_filter ] --START--
INFO: Run Behavior\ContentReplaceBehavior [ RunTime:0.000052s ]
INFO: [ template_filter ] --END-- [ RunTime:-0.007131s ]
INFO: Run Behavior\ParseTemplateBehavior [ RunTime:0.006525s ]
INFO: [ view_parse ] --END-- [ RunTime:-0.000322s ]
INFO: [ view_filter ] --START--
INFO: Run Behavior\WriteHtmlCacheBehavior [ RunTime:0.000009s ]
INFO: [ view_filter ] --END-- [ RunTime:-0.006702s ]
INFO: [ app_end ] --START--
INFO: Run Behavior\ShowPageTraceBehavior [ RunTime:0.000400s ]
INFO: [ app_end ] --END-- [ RunTime:0.000437s ]

[ 2018-03-09T13:49:21+08:00 ] 115.60.93.241 /Manage/Param/index.html
INFO: [ app_init ] --START--
INFO: Run Behavior\BuildLiteBehavior [ RunTime:0.000012s ]
INFO: [ app_init ] --END-- [ RunTime:0.000263s ]
INFO: [ app_begin ] --START--
INFO: Run Behavior\ReadHtmlCacheBehavior [ RunTime:0.000342s ]
INFO: [ app_begin ] --END-- [ RunTime:0.000383s ]
NOTIC: [8] Undefined offset: 0 /www/wwwroot/pay.com/pay/Common/Logic/BaseLogic.class.php 第 84 行.
NOTIC: [8] Undefined offset: 0 /www/wwwroot/pay.com/pay/Common/Logic/BaseLogic.class.php 第 84 行.
NOTIC: [8] Undefined index: Status /www/wwwroot/pay.com/pay/Common/Logic/AdminLogic.class.php 第 261 行.
NOTIC: [8] Undefined offset: 1 /www/wwwroot/pay.com/pay/Common/Tool/StringChange.class.php 第 270 行.
NOTIC: [8] Undefined offset: 1 /www/wwwroot/pay.com/pay/Common/Tool/StringChange.class.php 第 271 行.
NOTIC: [8] Undefined offset: 1 /www/wwwroot/pay.com/pay/Common/Tool/StringChange.class.php 第 270 行.
NOTIC: [8] Undefined offset: 1 /www/wwwroot/pay.com/pay/Common/Tool/StringChange.class.php 第 271 行.
NOTIC: [8] Undefined offset: 2 /www/wwwroot/pay.com/pay/Common/Controller/DefaultController.class.php 第 199 行.
INFO: [ view_parse ] --START--
INFO: [ template_filter ] --START--
INFO: Run Behavior\ContentReplaceBehavior [ RunTime:0.000069s ]
INFO: [ template_filter ] --END-- [ RunTime:0.000119s ]
INFO: Run Behavior\ParseTemplateBehavior [ RunTime:0.011071s ]
INFO: [ view_parse ] --END-- [ RunTime:0.011113s ]
INFO: [ view_filter ] --START--
INFO: Run Behavior\WriteHtmlCacheBehavior [ RunTime:0.000130s ]
INFO: [ view_filter ] --END-- [ RunTime:0.000164s ]
INFO: [ view_parse ] --START--
INFO: [ template_filter ] --START--
INFO: Run Behavior\ContentReplaceBehavior [ RunTime:0.000051s ]
INFO: [ template_filter ] --END-- [ RunTime:-0.007148s ]
INFO: Run Behavior\ParseTemplateBehavior [ RunTime:0.006642s ]
INFO: [ view_parse ] --END-- [ RunTime:-0.000315s ]
INFO: [ view_filter ] --START--
INFO: Run Behavior\WriteHtmlCacheBehavior [ RunTime:0.000009s ]
INFO: [ view_filter ] --END-- [ RunTime:-0.006824s ]
INFO: [ app_end ] --START--
INFO: Run Behavior\ShowPageTraceBehavior [ RunTime:0.000379s ]
INFO: [ app_end ] --END-- [ RunTime:0.000415s ]

[ 2018-03-09T13:54:20+08:00 ] 115.60.93.241 /Manage/Param/index.html
INFO: [ app_init ] --START--
INFO: Run Behavior\BuildLiteBehavior [ RunTime:0.000012s ]
INFO: [ app_init ] --END-- [ RunTime:0.000269s ]
INFO: [ app_begin ] --START--
INFO: Run Behavior\ReadHtmlCacheBehavior [ RunTime:0.000345s ]
INFO: [ app_begin ] --END-- [ RunTime:0.000384s ]
NOTIC: [8] Undefined offset: 0 /www/wwwroot/pay.com/pay/Common/Logic/BaseLogic.class.php 第 84 行.
NOTIC: [8] Undefined offset: 0 /www/wwwroot/pay.com/pay/Common/Logic/BaseLogic.class.php 第 84 行.
NOTIC: [8] Undefined index: Status /www/wwwroot/pay.com/pay/Common/Logic/AdminLogic.class.php 第 261 行.
NOTIC: [8] Undefined offset: 1 /www/wwwroot/pay.com/pay/Common/Tool/StringChange.class.php 第 270 行.
NOTIC: [8] Undefined offset: 1 /www/wwwroot/pay.com/pay/Common/Tool/StringChange.class.php 第 271 行.
NOTIC: [8] Undefined offset: 1 /www/wwwroot/pay.com/pay/Common/Tool/StringChange.class.php 第 270 行.
NOTIC: [8] Undefined offset: 1 /www/wwwroot/pay.com/pay/Common/Tool/StringChange.class.php 第 271 行.
NOTIC: [8] Undefined offset: 2 /www/wwwroot/pay.com/pay/Common/Controller/DefaultController.class.php 第 199 行.
INFO: [ view_parse ] --START--
INFO: [ template_filter ] --START--
INFO: Run Behavior\ContentReplaceBehavior [ RunTime:0.000066s ]
INFO: [ template_filter ] --END-- [ RunTime:0.000117s ]
INFO: Run Behavior\ParseTemplateBehavior [ RunTime:0.011216s ]
INFO: [ view_parse ] --END-- [ RunTime:0.011259s ]
INFO: [ view_filter ] --START--
INFO: Run Behavior\WriteHtmlCacheBehavior [ RunTime:0.000130s ]
INFO: [ view_filter ] --END-- [ RunTime:0.000163s ]
INFO: [ view_parse ] --START--
INFO: [ template_filter ] --START--
INFO: Run Behavior\ContentReplaceBehavior [ RunTime:0.000052s ]
INFO: [ template_filter ] --END-- [ RunTime:-0.007193s ]
INFO: Run Behavior\ParseTemplateBehavior [ RunTime:0.006649s ]
INFO: [ view_parse ] --END-- [ RunTime:-0.000319s ]
INFO: [ view_filter ] --START--
INFO: Run Behavior\WriteHtmlCacheBehavior [ RunTime:0.000010s ]
INFO: [ view_filter ] --END-- [ RunTime:-0.006836s ]
INFO: [ app_end ] --START--
INFO: Run Behavior\ShowPageTraceBehavior [ RunTime:0.000383s ]
INFO: [ app_end ] --END-- [ RunTime:0.000418s ]

