[ 2018-03-08T22:40:50+08:00 ] 111.197.6.177 /Manage/
INFO: [ app_init ] --START--
INFO: Run Behavior\BuildLiteBehavior [ RunTime:0.000011s ]
INFO: [ app_init ] --END-- [ RunTime:0.000261s ]
INFO: [ app_begin ] --START--
INFO: Run Behavior\ReadHtmlCacheBehavior [ RunTime:0.000331s ]
INFO: [ app_begin ] --END-- [ RunTime:0.000369s ]
NOTIC: [8] Undefined offset: 0 /www/wwwroot/pay.com/pay/Common/Logic/BaseLogic.class.php 第 84 行.
NOTIC: [8] Undefined offset: 0 /www/wwwroot/pay.com/pay/Common/Logic/BaseLogic.class.php 第 84 行.
INFO: [ view_parse ] --START--
INFO: [ template_filter ] --START--
INFO: Run Behavior\ContentReplaceBehavior [ RunTime:0.000039s ]
INFO: [ template_filter ] --END-- [ RunTime:0.000094s ]
INFO: Run Behavior\ParseTemplateBehavior [ RunTime:0.005640s ]
INFO: [ view_parse ] --END-- [ RunTime:0.005689s ]
INFO: [ view_filter ] --START--
INFO: Run Behavior\WriteHtmlCacheBehavior [ RunTime:0.000116s ]
INFO: [ view_filter ] --END-- [ RunTime:0.000149s ]
INFO: [ app_end ] --START--
INFO: Run Behavior\ShowPageTraceBehavior [ RunTime:0.000371s ]
INFO: [ app_end ] --END-- [ RunTime:0.000409s ]

[ 2018-03-08T22:40:52+08:00 ] 111.197.6.177 /Manage/Index/login.html
INFO: [ app_init ] --START--
INFO: Run Behavior\BuildLiteBehavior [ RunTime:0.000011s ]
INFO: [ app_init ] --END-- [ RunTime:0.000267s ]
INFO: [ app_begin ] --START--
INFO: Run Behavior\ReadHtmlCacheBehavior [ RunTime:0.000327s ]
INFO: [ app_begin ] --END-- [ RunTime:0.000363s ]
NOTIC: [8] Undefined offset: 0 /www/wwwroot/pay.com/pay/Common/Logic/BaseLogic.class.php 第 84 行.
NOTIC: [8] Undefined offset: 0 /www/wwwroot/pay.com/pay/Common/Logic/BaseLogic.class.php 第 84 行.
NOTIC: [8] Undefined offset: 2 /www/wwwroot/pay.com/pay/Common/Controller/DefaultController.class.php 第 193 行.
NOTIC: [8] Undefined offset: 3 /www/wwwroot/pay.com/pay/Common/Controller/DefaultController.class.php 第 193 行.
NOTIC: [8] Undefined offset: 4 /www/wwwroot/pay.com/pay/Common/Controller/DefaultController.class.php 第 193 行.

[ 2018-03-08T22:41:01+08:00 ] 111.197.6.177 /Manage/Index/login.html
INFO: [ app_init ] --START--
INFO: Run Behavior\BuildLiteBehavior [ RunTime:0.000011s ]
INFO: [ app_init ] --END-- [ RunTime:0.000259s ]
INFO: [ app_begin ] --START--
INFO: Run Behavior\ReadHtmlCacheBehavior [ RunTime:0.000326s ]
INFO: [ app_begin ] --END-- [ RunTime:0.000363s ]
NOTIC: [8] Undefined offset: 0 /www/wwwroot/pay.com/pay/Common/Logic/BaseLogic.class.php 第 84 行.
NOTIC: [8] Undefined offset: 0 /www/wwwroot/pay.com/pay/Common/Logic/BaseLogic.class.php 第 84 行.
NOTIC: [8] Undefined offset: 0 /www/wwwroot/pay.com/pay/Common/Logic/BaseLogic.class.php 第 84 行.
NOTIC: [8] Undefined offset: 4 /www/wwwroot/pay.com/pay/Common/Controller/DefaultController.class.php 第 203 行.

[ 2018-03-08T22:41:04+08:00 ] 111.197.6.177 /Manage/Main/index.html
INFO: [ app_init ] --START--
INFO: Run Behavior\BuildLiteBehavior [ RunTime:0.000012s ]
INFO: [ app_init ] --END-- [ RunTime:0.000262s ]
INFO: [ app_begin ] --START--
INFO: Run Behavior\ReadHtmlCacheBehavior [ RunTime:0.000331s ]
INFO: [ app_begin ] --END-- [ RunTime:0.000370s ]
NOTIC: [8] Undefined offset: 0 /www/wwwroot/pay.com/pay/Common/Logic/BaseLogic.class.php 第 84 行.
NOTIC: [8] Undefined offset: 0 /www/wwwroot/pay.com/pay/Common/Logic/BaseLogic.class.php 第 84 行.
NOTIC: [8] Undefined index: Status /www/wwwroot/pay.com/pay/Common/Logic/AdminLogic.class.php 第 261 行.
NOTIC: [8192] mysql_get_server_info(): The mysql extension is deprecated and will be removed in the future: use mysqli or PDO instead /www/wwwroot/pay.com/pay/Manage/Controller/MainController.class.php 第 20 行.
INFO: [ view_parse ] --START--
INFO: [ template_filter ] --START--
INFO: Run Behavior\ContentReplaceBehavior [ RunTime:0.000048s ]
INFO: [ template_filter ] --END-- [ RunTime:0.000097s ]
INFO: Run Behavior\ParseTemplateBehavior [ RunTime:0.009057s ]
INFO: [ view_parse ] --END-- [ RunTime:0.009104s ]
INFO: [ view_filter ] --START--
INFO: Run Behavior\WriteHtmlCacheBehavior [ RunTime:0.000121s ]
INFO: [ view_filter ] --END-- [ RunTime:0.000156s ]
INFO: [ app_end ] --START--
INFO: Run Behavior\ShowPageTraceBehavior [ RunTime:0.000379s ]
INFO: [ app_end ] --END-- [ RunTime:0.000419s ]

[ 2018-03-08T22:41:08+08:00 ] 111.197.6.177 /Manage/Main/index.html
INFO: [ app_init ] --START--
INFO: Run Behavior\BuildLiteBehavior [ RunTime:0.000011s ]
INFO: [ app_init ] --END-- [ RunTime:0.000261s ]
INFO: [ app_begin ] --START--
INFO: Run Behavior\ReadHtmlCacheBehavior [ RunTime:0.000333s ]
INFO: [ app_begin ] --END-- [ RunTime:0.000373s ]
NOTIC: [8] Undefined offset: 0 /www/wwwroot/pay.com/pay/Common/Logic/BaseLogic.class.php 第 84 行.
NOTIC: [8] Undefined offset: 0 /www/wwwroot/pay.com/pay/Common/Logic/BaseLogic.class.php 第 84 行.
NOTIC: [8] Undefined index: Status /www/wwwroot/pay.com/pay/Common/Logic/AdminLogic.class.php 第 261 行.
NOTIC: [8192] mysql_get_server_info(): The mysql extension is deprecated and will be removed in the future: use mysqli or PDO instead /www/wwwroot/pay.com/pay/Manage/Controller/MainController.class.php 第 20 行.
INFO: [ view_parse ] --START--
INFO: [ template_filter ] --START--
INFO: Run Behavior\ContentReplaceBehavior [ RunTime:0.000048s ]
INFO: [ template_filter ] --END-- [ RunTime:0.000097s ]
INFO: Run Behavior\ParseTemplateBehavior [ RunTime:0.009065s ]
INFO: [ view_parse ] --END-- [ RunTime:0.009106s ]
INFO: [ view_filter ] --START--
INFO: Run Behavior\WriteHtmlCacheBehavior [ RunTime:0.000129s ]
INFO: [ view_filter ] --END-- [ RunTime:0.000163s ]
INFO: [ app_end ] --START--
INFO: Run Behavior\ShowPageTraceBehavior [ RunTime:0.000379s ]
INFO: [ app_end ] --END-- [ RunTime:0.000418s ]

[ 2018-03-08T22:41:10+08:00 ] 111.197.6.177 /Manage/Param/index.html
INFO: [ app_init ] --START--
INFO: Run Behavior\BuildLiteBehavior [ RunTime:0.000012s ]
INFO: [ app_init ] --END-- [ RunTime:0.000260s ]
INFO: [ app_begin ] --START--
INFO: Run Behavior\ReadHtmlCacheBehavior [ RunTime:0.000343s ]
INFO: [ app_begin ] --END-- [ RunTime:0.000383s ]
NOTIC: [8] Undefined offset: 0 /www/wwwroot/pay.com/pay/Common/Logic/BaseLogic.class.php 第 84 行.
NOTIC: [8] Undefined offset: 0 /www/wwwroot/pay.com/pay/Common/Logic/BaseLogic.class.php 第 84 行.
NOTIC: [8] Undefined index: Status /www/wwwroot/pay.com/pay/Common/Logic/AdminLogic.class.php 第 261 行.
NOTIC: [8] Undefined offset: 1 /www/wwwroot/pay.com/pay/Common/Tool/StringChange.class.php 第 270 行.
NOTIC: [8] Undefined offset: 1 /www/wwwroot/pay.com/pay/Common/Tool/StringChange.class.php 第 271 行.
NOTIC: [8] Undefined offset: 1 /www/wwwroot/pay.com/pay/Common/Tool/StringChange.class.php 第 270 行.
NOTIC: [8] Undefined offset: 1 /www/wwwroot/pay.com/pay/Common/Tool/StringChange.class.php 第 271 行.
NOTIC: [8] Undefined offset: 2 /www/wwwroot/pay.com/pay/Common/Controller/DefaultController.class.php 第 199 行.
INFO: [ view_parse ] --START--
INFO: [ template_filter ] --START--
INFO: Run Behavior\ContentReplaceBehavior [ RunTime:0.000069s ]
INFO: [ template_filter ] --END-- [ RunTime:0.000119s ]
INFO: Run Behavior\ParseTemplateBehavior [ RunTime:0.011027s ]
INFO: [ view_parse ] --END-- [ RunTime:0.011066s ]
INFO: [ view_filter ] --START--
INFO: Run Behavior\WriteHtmlCacheBehavior [ RunTime:0.000128s ]
INFO: [ view_filter ] --END-- [ RunTime:0.000161s ]
INFO: [ view_parse ] --START--
INFO: [ template_filter ] --START--
INFO: Run Behavior\ContentReplaceBehavior [ RunTime:0.000056s ]
INFO: [ template_filter ] --END-- [ RunTime:-0.007116s ]
INFO: Run Behavior\ParseTemplateBehavior [ RunTime:0.006754s ]
INFO: [ view_parse ] --END-- [ RunTime:-0.000308s ]
INFO: [ view_filter ] --START--
INFO: Run Behavior\WriteHtmlCacheBehavior [ RunTime:0.000009s ]
INFO: [ view_filter ] --END-- [ RunTime:-0.006935s ]
INFO: [ app_end ] --START--
INFO: Run Behavior\ShowPageTraceBehavior [ RunTime:0.000388s ]
INFO: [ app_end ] --END-- [ RunTime:0.000425s ]

[ 2018-03-08T22:41:53+08:00 ] 111.197.6.177 /Manage/Param/save.html
INFO: [ app_init ] --START--
INFO: Run Behavior\BuildLiteBehavior [ RunTime:0.000012s ]
INFO: [ app_init ] --END-- [ RunTime:0.000261s ]
INFO: [ app_begin ] --START--
INFO: Run Behavior\ReadHtmlCacheBehavior [ RunTime:0.000338s ]
INFO: [ app_begin ] --END-- [ RunTime:0.000373s ]
NOTIC: [8] Undefined offset: 0 /www/wwwroot/pay.com/pay/Common/Logic/BaseLogic.class.php 第 84 行.
NOTIC: [8] Undefined offset: 0 /www/wwwroot/pay.com/pay/Common/Logic/BaseLogic.class.php 第 84 行.
NOTIC: [8] Undefined index: Status /www/wwwroot/pay.com/pay/Common/Logic/AdminLogic.class.php 第 261 行.
NOTIC: [8] Undefined offset: 0 /www/wwwroot/pay.com/pay/Common/Logic/BaseLogic.class.php 第 84 行.
NOTIC: [8] Undefined offset: 4 /www/wwwroot/pay.com/pay/Common/Controller/DefaultController.class.php 第 203 行.

[ 2018-03-08T22:41:56+08:00 ] 111.197.6.177 /Manage/Param
INFO: [ app_init ] --START--
INFO: Run Behavior\BuildLiteBehavior [ RunTime:0.000011s ]
INFO: [ app_init ] --END-- [ RunTime:0.000258s ]
INFO: [ app_begin ] --START--
INFO: Run Behavior\ReadHtmlCacheBehavior [ RunTime:0.000331s ]
INFO: [ app_begin ] --END-- [ RunTime:0.000371s ]
NOTIC: [8] Undefined offset: 0 /www/wwwroot/pay.com/pay/Common/Logic/BaseLogic.class.php 第 84 行.
NOTIC: [8] Undefined offset: 0 /www/wwwroot/pay.com/pay/Common/Logic/BaseLogic.class.php 第 84 行.
NOTIC: [8] Undefined index: Status /www/wwwroot/pay.com/pay/Common/Logic/AdminLogic.class.php 第 261 行.
NOTIC: [8] Undefined offset: 1 /www/wwwroot/pay.com/pay/Common/Tool/StringChange.class.php 第 270 行.
NOTIC: [8] Undefined offset: 1 /www/wwwroot/pay.com/pay/Common/Tool/StringChange.class.php 第 271 行.
NOTIC: [8] Undefined offset: 1 /www/wwwroot/pay.com/pay/Common/Tool/StringChange.class.php 第 270 行.
NOTIC: [8] Undefined offset: 1 /www/wwwroot/pay.com/pay/Common/Tool/StringChange.class.php 第 271 行.
NOTIC: [8] Undefined offset: 2 /www/wwwroot/pay.com/pay/Common/Controller/DefaultController.class.php 第 199 行.
INFO: [ view_parse ] --START--
INFO: [ template_filter ] --START--
INFO: Run Behavior\ContentReplaceBehavior [ RunTime:0.000068s ]
INFO: [ template_filter ] --END-- [ RunTime:0.000115s ]
INFO: Run Behavior\ParseTemplateBehavior [ RunTime:0.011224s ]
INFO: [ view_parse ] --END-- [ RunTime:0.011266s ]
INFO: [ view_filter ] --START--
INFO: Run Behavior\WriteHtmlCacheBehavior [ RunTime:0.000131s ]
INFO: [ view_filter ] --END-- [ RunTime:0.000164s ]
INFO: [ view_parse ] --START--
INFO: [ template_filter ] --START--
INFO: Run Behavior\ContentReplaceBehavior [ RunTime:0.000052s ]
INFO: [ template_filter ] --END-- [ RunTime:-0.007128s ]
INFO: Run Behavior\ParseTemplateBehavior [ RunTime:0.006590s ]
INFO: [ view_parse ] --END-- [ RunTime:-0.000328s ]
INFO: [ view_filter ] --START--
INFO: Run Behavior\WriteHtmlCacheBehavior [ RunTime:0.000008s ]
INFO: [ view_filter ] --END-- [ RunTime:-0.006785s ]
INFO: [ app_end ] --START--
INFO: Run Behavior\ShowPageTraceBehavior [ RunTime:0.000388s ]
INFO: [ app_end ] --END-- [ RunTime:0.000424s ]

[ 2018-03-08T22:43:08+08:00 ] 111.197.6.177 /Manage/Admin/index.html
INFO: [ app_init ] --START--
INFO: Run Behavior\BuildLiteBehavior [ RunTime:0.000011s ]
INFO: [ app_init ] --END-- [ RunTime:0.000259s ]
INFO: [ app_begin ] --START--
INFO: Run Behavior\ReadHtmlCacheBehavior [ RunTime:0.000329s ]
INFO: [ app_begin ] --END-- [ RunTime:0.000369s ]
NOTIC: [8] Undefined offset: 0 /www/wwwroot/pay.com/pay/Common/Logic/BaseLogic.class.php 第 84 行.
NOTIC: [8] Undefined offset: 0 /www/wwwroot/pay.com/pay/Common/Logic/BaseLogic.class.php 第 84 行.
NOTIC: [8] Undefined index: Status /www/wwwroot/pay.com/pay/Common/Logic/AdminLogic.class.php 第 261 行.
NOTIC: [8] Undefined index: adminname /www/wwwroot/pay.com/pay/Common/Logic/AdminLogic.class.php 第 22 行.
NOTIC: [8] Undefined index: realname /www/wwwroot/pay.com/pay/Common/Logic/AdminLogic.class.php 第 26 行.
NOTIC: [8] Undefined index: adminid /www/wwwroot/pay.com/pay/Common/Logic/AdminLogic.class.php 第 30 行.
NOTIC: [8] Undefined index: phone /www/wwwroot/pay.com/pay/Common/Logic/AdminLogic.class.php 第 34 行.
NOTIC: [8] Undefined index: email /www/wwwroot/pay.com/pay/Common/Logic/AdminLogic.class.php 第 38 行.
NOTIC: [8] Undefined index: status /www/wwwroot/pay.com/pay/Common/Logic/AdminLogic.class.php 第 42 行.
NOTIC: [8] Undefined index: p /www/wwwroot/pay.com/pay/Common/Logic/AdminLogic.class.php 第 52 行.
NOTIC: [8] Undefined index: phone /www/wwwroot/pay.com/pay/Common/Tool/ThisPage.class.php 第 63 行.
NOTIC: [8] Undefined offset: 2 /www/wwwroot/pay.com/pay/Common/Controller/DefaultController.class.php 第 199 行.
INFO: [ view_parse ] --START--
INFO: [ template_filter ] --START--
INFO: Run Behavior\ContentReplaceBehavior [ RunTime:0.000054s ]
INFO: [ template_filter ] --END-- [ RunTime:0.000101s ]
NOTIC: [8] Undefined index: adminid /www/wwwroot/pay.com/pay/Runtime/Cache/Manage/33ae3e40eba25856e9df71ee6ecf5842.php 第 172 行.
NOTIC: [8] Undefined index: adminname /www/wwwroot/pay.com/pay/Runtime/Cache/Manage/33ae3e40eba25856e9df71ee6ecf5842.php 第 175 行.
NOTIC: [8] Undefined index: realname /www/wwwroot/pay.com/pay/Runtime/Cache/Manage/33ae3e40eba25856e9df71ee6ecf5842.php 第 178 行.
NOTIC: [8] Undefined index: phone /www/wwwroot/pay.com/pay/Runtime/Cache/Manage/33ae3e40eba25856e9df71ee6ecf5842.php 第 181 行.
NOTIC: [8] Undefined index: email /www/wwwroot/pay.com/pay/Runtime/Cache/Manage/33ae3e40eba25856e9df71ee6ecf5842.php 第 184 行.
NOTIC: [8] Undefined index: status /www/wwwroot/pay.com/pay/Runtime/Cache/Manage/33ae3e40eba25856e9df71ee6ecf5842.php 第 189 行.
NOTIC: [8] Undefined index: status /www/wwwroot/pay.com/pay/Runtime/Cache/Manage/33ae3e40eba25856e9df71ee6ecf5842.php 第 190 行.
NOTIC: [8] Undefined index: p /www/wwwroot/pay.com/pay/Runtime/Cache/Manage/33ae3e40eba25856e9df71ee6ecf5842.php 第 227 行.
NOTIC: [8] Undefined index: p /www/wwwroot/pay.com/pay/Runtime/Cache/Manage/33ae3e40eba25856e9df71ee6ecf5842.php 第 234 行.
NOTIC: [8] Undefined index: p /www/wwwroot/pay.com/pay/Runtime/Cache/Manage/33ae3e40eba25856e9df71ee6ecf5842.php 第 235 行.
INFO: Run Behavior\ParseTemplateBehavior [ RunTime:0.011225s ]
INFO: [ view_parse ] --END-- [ RunTime:0.011265s ]
INFO: [ view_filter ] --START--
INFO: Run Behavior\WriteHtmlCacheBehavior [ RunTime:0.000127s ]
INFO: [ view_filter ] --END-- [ RunTime:0.000159s ]
INFO: [ view_parse ] --START--
INFO: [ template_filter ] --START--
INFO: Run Behavior\ContentReplaceBehavior [ RunTime:0.000053s ]
INFO: [ template_filter ] --END-- [ RunTime:-0.007404s ]
NOTIC: [8] Undefined index: adminid /www/wwwroot/pay.com/pay/Runtime/Cache/Manage/33ae3e40eba25856e9df71ee6ecf5842.php 第 172 行.
NOTIC: [8] Undefined index: adminname /www/wwwroot/pay.com/pay/Runtime/Cache/Manage/33ae3e40eba25856e9df71ee6ecf5842.php 第 175 行.
NOTIC: [8] Undefined index: realname /www/wwwroot/pay.com/pay/Runtime/Cache/Manage/33ae3e40eba25856e9df71ee6ecf5842.php 第 178 行.
NOTIC: [8] Undefined index: phone /www/wwwroot/pay.com/pay/Runtime/Cache/Manage/33ae3e40eba25856e9df71ee6ecf5842.php 第 181 行.
NOTIC: [8] Undefined index: email /www/wwwroot/pay.com/pay/Runtime/Cache/Manage/33ae3e40eba25856e9df71ee6ecf5842.php 第 184 行.
NOTIC: [8] Undefined index: status /www/wwwroot/pay.com/pay/Runtime/Cache/Manage/33ae3e40eba25856e9df71ee6ecf5842.php 第 189 行.
NOTIC: [8] Undefined index: status /www/wwwroot/pay.com/pay/Runtime/Cache/Manage/33ae3e40eba25856e9df71ee6ecf5842.php 第 190 行.
NOTIC: [8] Undefined index: p /www/wwwroot/pay.com/pay/Runtime/Cache/Manage/33ae3e40eba25856e9df71ee6ecf5842.php 第 227 行.
NOTIC: [8] Undefined index: p /www/wwwroot/pay.com/pay/Runtime/Cache/Manage/33ae3e40eba25856e9df71ee6ecf5842.php 第 234 行.
NOTIC: [8] Undefined index: p /www/wwwroot/pay.com/pay/Runtime/Cache/Manage/33ae3e40eba25856e9df71ee6ecf5842.php 第 235 行.
INFO: Run Behavior\ParseTemplateBehavior [ RunTime:0.007088s ]
INFO: [ view_parse ] --END-- [ RunTime:-0.000278s ]
INFO: [ view_filter ] --START--
INFO: Run Behavior\WriteHtmlCacheBehavior [ RunTime:0.000008s ]
INFO: [ view_filter ] --END-- [ RunTime:-0.007239s ]
INFO: [ app_end ] --START--
INFO: Run Behavior\ShowPageTraceBehavior [ RunTime:0.000383s ]
INFO: [ app_end ] --END-- [ RunTime:0.000417s ]

[ 2018-03-08T22:43:10+08:00 ] 111.197.6.177 /Manage/Log/index.html
INFO: [ app_init ] --START--
INFO: Run Behavior\BuildLiteBehavior [ RunTime:0.000013s ]
INFO: [ app_init ] --END-- [ RunTime:0.000260s ]
INFO: [ app_begin ] --START--
INFO: Run Behavior\ReadHtmlCacheBehavior [ RunTime:0.000334s ]
INFO: [ app_begin ] --END-- [ RunTime:0.000374s ]
NOTIC: [8] Undefined offset: 0 /www/wwwroot/pay.com/pay/Common/Logic/BaseLogic.class.php 第 84 行.
NOTIC: [8] Undefined offset: 0 /www/wwwroot/pay.com/pay/Common/Logic/BaseLogic.class.php 第 84 行.
NOTIC: [8] Undefined index: Status /www/wwwroot/pay.com/pay/Common/Logic/AdminLogic.class.php 第 261 行.
NOTIC: [8] Undefined index: userid /www/wwwroot/pay.com/pay/Common/Logic/LogLogic.class.php 第 23 行.
NOTIC: [8] Undefined index: content /www/wwwroot/pay.com/pay/Common/Logic/LogLogic.class.php 第 27 行.
NOTIC: [8] Undefined index: module /www/wwwroot/pay.com/pay/Common/Logic/LogLogic.class.php 第 31 行.
NOTIC: [8] Undefined index: ifadmin /www/wwwroot/pay.com/pay/Common/Logic/LogLogic.class.php 第 35 行.
NOTIC: [8] Undefined index: start /www/wwwroot/pay.com/pay/Common/Logic/LogLogic.class.php 第 39 行.
NOTIC: [8] Undefined index: end /www/wwwroot/pay.com/pay/Common/Logic/LogLogic.class.php 第 43 行.
NOTIC: [8] Undefined index: p /www/wwwroot/pay.com/pay/Common/Logic/LogLogic.class.php 第 60 行.
NOTIC: [8] Undefined index: phone /www/wwwroot/pay.com/pay/Common/Tool/ThisPage.class.php 第 63 行.
NOTIC: [8] Undefined offset: 2 /www/wwwroot/pay.com/pay/Common/Controller/DefaultController.class.php 第 199 行.
INFO: [ view_parse ] --START--
INFO: [ template_filter ] --START--
INFO: Run Behavior\ContentReplaceBehavior [ RunTime:0.000055s ]
INFO: [ template_filter ] --END-- [ RunTime:0.000112s ]
NOTIC: [8] Undefined index: userid /www/wwwroot/pay.com/pay/Runtime/Cache/Manage/a508dfb2450f8c0ab8d740571b5cadf9.php 第 172 行.
NOTIC: [8] Undefined index: content /www/wwwroot/pay.com/pay/Runtime/Cache/Manage/a508dfb2450f8c0ab8d740571b5cadf9.php 第 175 行.
NOTIC: [8] Undefined index: module /www/wwwroot/pay.com/pay/Runtime/Cache/Manage/a508dfb2450f8c0ab8d740571b5cadf9.php 第 178 行.
NOTIC: [8] Undefined index: start /www/wwwroot/pay.com/pay/Runtime/Cache/Manage/a508dfb2450f8c0ab8d740571b5cadf9.php 第 181 行.
NOTIC: [8] Undefined index: end /www/wwwroot/pay.com/pay/Runtime/Cache/Manage/a508dfb2450f8c0ab8d740571b5cadf9.php 第 183 行.
NOTIC: [8] Undefined index: ifadmin /www/wwwroot/pay.com/pay/Runtime/Cache/Manage/a508dfb2450f8c0ab8d740571b5cadf9.php 第 188 行.
NOTIC: [8] Undefined index: ifadmin /www/wwwroot/pay.com/pay/Runtime/Cache/Manage/a508dfb2450f8c0ab8d740571b5cadf9.php 第 189 行.
NOTIC: [8] Undefined index: p /www/wwwroot/pay.com/pay/Runtime/Cache/Manage/a508dfb2450f8c0ab8d740571b5cadf9.php 第 231 行.
NOTIC: [8] Undefined index: p /www/wwwroot/pay.com/pay/Runtime/Cache/Manage/a508dfb2450f8c0ab8d740571b5cadf9.php 第 231 行.
NOTIC: [8] Undefined index: p /www/wwwroot/pay.com/pay/Runtime/Cache/Manage/a508dfb2450f8c0ab8d740571b5cadf9.php 第 231 行.
NOTIC: [8] Undefined index: p /www/wwwroot/pay.com/pay/Runtime/Cache/Manage/a508dfb2450f8c0ab8d740571b5cadf9.php 第 231 行.
NOTIC: [8] Undefined index: p /www/wwwroot/pay.com/pay/Runtime/Cache/Manage/a508dfb2450f8c0ab8d740571b5cadf9.php 第 231 行.
NOTIC: [8] Undefined index: p /www/wwwroot/pay.com/pay/Runtime/Cache/Manage/a508dfb2450f8c0ab8d740571b5cadf9.php 第 231 行.
NOTIC: [8] Undefined index: p /www/wwwroot/pay.com/pay/Runtime/Cache/Manage/a508dfb2450f8c0ab8d740571b5cadf9.php 第 231 行.
NOTIC: [8] Undefined index: p /www/wwwroot/pay.com/pay/Runtime/Cache/Manage/a508dfb2450f8c0ab8d740571b5cadf9.php 第 231 行.
NOTIC: [8] Undefined index: p /www/wwwroot/pay.com/pay/Runtime/Cache/Manage/a508dfb2450f8c0ab8d740571b5cadf9.php 第 231 行.
NOTIC: [8] Undefined index: p /www/wwwroot/pay.com/pay/Runtime/Cache/Manage/a508dfb2450f8c0ab8d740571b5cadf9.php 第 231 行.
NOTIC: [8] Undefined index: p /www/wwwroot/pay.com/pay/Runtime/Cache/Manage/a508dfb2450f8c0ab8d740571b5cadf9.php 第 231 行.
NOTIC: [8] Undefined index: p /www/wwwroot/pay.com/pay/Runtime/Cache/Manage/a508dfb2450f8c0ab8d740571b5cadf9.php 第 231 行.
NOTIC: [8] Undefined index: p /www/wwwroot/pay.com/pay/Runtime/Cache/Manage/a508dfb2450f8c0ab8d740571b5cadf9.php 第 231 行.
NOTIC: [8] Undefined index: p /www/wwwroot/pay.com/pay/Runtime/Cache/Manage/a508dfb2450f8c0ab8d740571b5cadf9.php 第 231 行.
NOTIC: [8] Undefined index: p /www/wwwroot/pay.com/pay/Runtime/Cache/Manage/a508dfb2450f8c0ab8d740571b5cadf9.php 第 231 行.
INFO: Run Behavior\ParseTemplateBehavior [ RunTime:0.011978s ]
INFO: [ view_parse ] --END-- [ RunTime:0.012017s ]
INFO: [ view_filter ] --START--
INFO: Run Behavior\WriteHtmlCacheBehavior [ RunTime:0.000128s ]
INFO: [ view_filter ] --END-- [ RunTime:0.000162s ]
INFO: [ view_parse ] --START--
INFO: [ template_filter ] --START--
INFO: Run Behavior\ContentReplaceBehavior [ RunTime:0.000045s ]
INFO: [ template_filter ] --END-- [ RunTime:-0.008026s ]
NOTIC: [8] Undefined index: userid /www/wwwroot/pay.com/pay/Runtime/Cache/Manage/a508dfb2450f8c0ab8d740571b5cadf9.php 第 172 行.
NOTIC: [8] Undefined index: content /www/wwwroot/pay.com/pay/Runtime/Cache/Manage/a508dfb2450f8c0ab8d740571b5cadf9.php 第 175 行.
NOTIC: [8] Undefined index: module /www/wwwroot/pay.com/pay/Runtime/Cache/Manage/a508dfb2450f8c0ab8d740571b5cadf9.php 第 178 行.
NOTIC: [8] Undefined index: start /www/wwwroot/pay.com/pay/Runtime/Cache/Manage/a508dfb2450f8c0ab8d740571b5cadf9.php 第 181 行.
NOTIC: [8] Undefined index: end /www/wwwroot/pay.com/pay/Runtime/Cache/Manage/a508dfb2450f8c0ab8d740571b5cadf9.php 第 183 行.
NOTIC: [8] Undefined index: ifadmin /www/wwwroot/pay.com/pay/Runtime/Cache/Manage/a508dfb2450f8c0ab8d740571b5cadf9.php 第 188 行.
NOTIC: [8] Undefined index: ifadmin /www/wwwroot/pay.com/pay/Runtime/Cache/Manage/a508dfb2450f8c0ab8d740571b5cadf9.php 第 189 行.
NOTIC: [8] Undefined index: p /www/wwwroot/pay.com/pay/Runtime/Cache/Manage/a508dfb2450f8c0ab8d740571b5cadf9.php 第 231 行.
NOTIC: [8] Undefined index: p /www/wwwroot/pay.com/pay/Runtime/Cache/Manage/a508dfb2450f8c0ab8d740571b5cadf9.php 第 231 行.
NOTIC: [8] Undefined index: p /www/wwwroot/pay.com/pay/Runtime/Cache/Manage/a508dfb2450f8c0ab8d740571b5cadf9.php 第 231 行.
NOTIC: [8] Undefined index: p /www/wwwroot/pay.com/pay/Runtime/Cache/Manage/a508dfb2450f8c0ab8d740571b5cadf9.php 第 231 行.
NOTIC: [8] Undefined index: p /www/wwwroot/pay.com/pay/Runtime/Cache/Manage/a508dfb2450f8c0ab8d740571b5cadf9.php 第 231 行.
NOTIC: [8] Undefined index: p /www/wwwroot/pay.com/pay/Runtime/Cache/Manage/a508dfb2450f8c0ab8d740571b5cadf9.php 第 231 行.
NOTIC: [8] Undefined index: p /www/wwwroot/pay.com/pay/Runtime/Cache/Manage/a508dfb2450f8c0ab8d740571b5cadf9.php 第 231 行.
NOTIC: [8] Undefined index: p /www/wwwroot/pay.com/pay/Runtime/Cache/Manage/a508dfb2450f8c0ab8d740571b5cadf9.php 第 231 行.
NOTIC: [8] Undefined index: p /www/wwwroot/pay.com/pay/Runtime/Cache/Manage/a508dfb2450f8c0ab8d740571b5cadf9.php 第 231 行.
NOTIC: [8] Undefined index: p /www/wwwroot/pay.com/pay/Runtime/Cache/Manage/a508dfb2450f8c0ab8d740571b5cadf9.php 第 231 行.
NOTIC: [8] Undefined index: p /www/wwwroot/pay.com/pay/Runtime/Cache/Manage/a508dfb2450f8c0ab8d740571b5cadf9.php 第 231 行.
NOTIC: [8] Undefined index: p /www/wwwroot/pay.com/pay/Runtime/Cache/Manage/a508dfb2450f8c0ab8d740571b5cadf9.php 第 231 行.
NOTIC: [8] Undefined index: p /www/wwwroot/pay.com/pay/Runtime/Cache/Manage/a508dfb2450f8c0ab8d740571b5cadf9.php 第 231 行.
NOTIC: [8] Undefined index: p /www/wwwroot/pay.com/pay/Runtime/Cache/Manage/a508dfb2450f8c0ab8d740571b5cadf9.php 第 231 行.
NOTIC: [8] Undefined index: p /www/wwwroot/pay.com/pay/Runtime/Cache/Manage/a508dfb2450f8c0ab8d740571b5cadf9.php 第 231 行.
INFO: Run Behavior\ParseTemplateBehavior [ RunTime:0.007555s ]
INFO: [ view_parse ] --END-- [ RunTime:-0.000294s ]
INFO: [ view_filter ] --START--
INFO: Run Behavior\WriteHtmlCacheBehavior [ RunTime:0.000010s ]
INFO: [ view_filter ] --END-- [ RunTime:-0.007725s ]
INFO: [ app_end ] --START--
INFO: Run Behavior\ShowPageTraceBehavior [ RunTime:0.000376s ]
INFO: [ app_end ] --END-- [ RunTime:0.000411s ]

[ 2018-03-08T22:43:12+08:00 ] 111.197.6.177 /Manage/Main/index.html
INFO: [ app_init ] --START--
INFO: Run Behavior\BuildLiteBehavior [ RunTime:0.000011s ]
INFO: [ app_init ] --END-- [ RunTime:0.000257s ]
INFO: [ app_begin ] --START--
INFO: Run Behavior\ReadHtmlCacheBehavior [ RunTime:0.000335s ]
INFO: [ app_begin ] --END-- [ RunTime:0.000374s ]
NOTIC: [8] Undefined offset: 0 /www/wwwroot/pay.com/pay/Common/Logic/BaseLogic.class.php 第 84 行.
NOTIC: [8] Undefined offset: 0 /www/wwwroot/pay.com/pay/Common/Logic/BaseLogic.class.php 第 84 行.
NOTIC: [8] Undefined index: Status /www/wwwroot/pay.com/pay/Common/Logic/AdminLogic.class.php 第 261 行.
NOTIC: [8192] mysql_get_server_info(): The mysql extension is deprecated and will be removed in the future: use mysqli or PDO instead /www/wwwroot/pay.com/pay/Manage/Controller/MainController.class.php 第 20 行.
INFO: [ view_parse ] --START--
INFO: [ template_filter ] --START--
INFO: Run Behavior\ContentReplaceBehavior [ RunTime:0.000050s ]
INFO: [ template_filter ] --END-- [ RunTime:0.000100s ]
INFO: Run Behavior\ParseTemplateBehavior [ RunTime:0.009135s ]
INFO: [ view_parse ] --END-- [ RunTime:0.009180s ]
INFO: [ view_filter ] --START--
INFO: Run Behavior\WriteHtmlCacheBehavior [ RunTime:0.000123s ]
INFO: [ view_filter ] --END-- [ RunTime:0.000158s ]
INFO: [ app_end ] --START--
INFO: Run Behavior\ShowPageTraceBehavior [ RunTime:0.000382s ]
INFO: [ app_end ] --END-- [ RunTime:0.000422s ]

[ 2018-03-08T22:43:23+08:00 ] 111.197.6.177 /Manage/Admin/pass.html
INFO: [ app_init ] --START--
INFO: Run Behavior\BuildLiteBehavior [ RunTime:0.000012s ]
INFO: [ app_init ] --END-- [ RunTime:0.000259s ]
INFO: [ app_begin ] --START--
INFO: Run Behavior\ReadHtmlCacheBehavior [ RunTime:0.000333s ]
INFO: [ app_begin ] --END-- [ RunTime:0.000372s ]
NOTIC: [8] Undefined offset: 0 /www/wwwroot/pay.com/pay/Common/Logic/BaseLogic.class.php 第 84 行.
NOTIC: [8] Undefined offset: 0 /www/wwwroot/pay.com/pay/Common/Logic/BaseLogic.class.php 第 84 行.
NOTIC: [8] Undefined index: Status /www/wwwroot/pay.com/pay/Common/Logic/AdminLogic.class.php 第 261 行.
NOTIC: [8] Undefined offset: 0 /www/wwwroot/pay.com/pay/Common/Logic/BaseLogic.class.php 第 84 行.
NOTIC: [8] Undefined offset: 2 /www/wwwroot/pay.com/pay/Common/Controller/DefaultController.class.php 第 199 行.
INFO: [ view_parse ] --START--
INFO: [ template_filter ] --START--
INFO: Run Behavior\ContentReplaceBehavior [ RunTime:0.000045s ]
INFO: [ template_filter ] --END-- [ RunTime:0.000091s ]
NOTIC: [8] Undefined variable: act /www/wwwroot/pay.com/pay/Runtime/Cache/Manage/9d875aeebd81e16c5fd0b109f47b9ea7.php 第 204 行.
NOTIC: [8] Undefined index: adminid /www/wwwroot/pay.com/pay/Runtime/Cache/Manage/9d875aeebd81e16c5fd0b109f47b9ea7.php 第 205 行.
INFO: Run Behavior\ParseTemplateBehavior [ RunTime:0.008540s ]
INFO: [ view_parse ] --END-- [ RunTime:0.008577s ]
INFO: [ view_filter ] --START--
INFO: Run Behavior\WriteHtmlCacheBehavior [ RunTime:0.000126s ]
INFO: [ view_filter ] --END-- [ RunTime:0.000159s ]
INFO: [ view_parse ] --START--
INFO: [ template_filter ] --START--
INFO: Run Behavior\ContentReplaceBehavior [ RunTime:0.000037s ]
INFO: [ template_filter ] --END-- [ RunTime:-0.004763s ]
NOTIC: [8] Undefined variable: act /www/wwwroot/pay.com/pay/Runtime/Cache/Manage/9d875aeebd81e16c5fd0b109f47b9ea7.php 第 204 行.
NOTIC: [8] Undefined index: adminid /www/wwwroot/pay.com/pay/Runtime/Cache/Manage/9d875aeebd81e16c5fd0b109f47b9ea7.php 第 205 行.
INFO: Run Behavior\ParseTemplateBehavior [ RunTime:0.004434s ]
INFO: [ view_parse ] --END-- [ RunTime:-0.000274s ]
INFO: [ view_filter ] --START--
INFO: Run Behavior\WriteHtmlCacheBehavior [ RunTime:0.000008s ]
INFO: [ view_filter ] --END-- [ RunTime:-0.004583s ]
INFO: [ app_end ] --START--
INFO: Run Behavior\ShowPageTraceBehavior [ RunTime:0.000387s ]
INFO: [ app_end ] --END-- [ RunTime:0.000422s ]

[ 2018-03-08T22:43:24+08:00 ] 111.197.6.177 /Manage/Param/index.html
INFO: [ app_init ] --START--
INFO: Run Behavior\BuildLiteBehavior [ RunTime:0.000012s ]
INFO: [ app_init ] --END-- [ RunTime:0.000269s ]
INFO: [ app_begin ] --START--
INFO: Run Behavior\ReadHtmlCacheBehavior [ RunTime:0.000342s ]
INFO: [ app_begin ] --END-- [ RunTime:0.000382s ]
NOTIC: [8] Undefined offset: 0 /www/wwwroot/pay.com/pay/Common/Logic/BaseLogic.class.php 第 84 行.
NOTIC: [8] Undefined offset: 0 /www/wwwroot/pay.com/pay/Common/Logic/BaseLogic.class.php 第 84 行.
NOTIC: [8] Undefined index: Status /www/wwwroot/pay.com/pay/Common/Logic/AdminLogic.class.php 第 261 行.
NOTIC: [8] Undefined offset: 1 /www/wwwroot/pay.com/pay/Common/Tool/StringChange.class.php 第 270 行.
NOTIC: [8] Undefined offset: 1 /www/wwwroot/pay.com/pay/Common/Tool/StringChange.class.php 第 271 行.
NOTIC: [8] Undefined offset: 1 /www/wwwroot/pay.com/pay/Common/Tool/StringChange.class.php 第 270 行.
NOTIC: [8] Undefined offset: 1 /www/wwwroot/pay.com/pay/Common/Tool/StringChange.class.php 第 271 行.
NOTIC: [8] Undefined offset: 2 /www/wwwroot/pay.com/pay/Common/Controller/DefaultController.class.php 第 199 行.
INFO: [ view_parse ] --START--
INFO: [ template_filter ] --START--
INFO: Run Behavior\ContentReplaceBehavior [ RunTime:0.000062s ]
INFO: [ template_filter ] --END-- [ RunTime:0.000111s ]
INFO: Run Behavior\ParseTemplateBehavior [ RunTime:0.010968s ]
INFO: [ view_parse ] --END-- [ RunTime:0.011008s ]
INFO: [ view_filter ] --START--
INFO: Run Behavior\WriteHtmlCacheBehavior [ RunTime:0.000133s ]
INFO: [ view_filter ] --END-- [ RunTime:0.000166s ]
INFO: [ view_parse ] --START--
INFO: [ template_filter ] --START--
INFO: Run Behavior\ContentReplaceBehavior [ RunTime:0.000053s ]
INFO: [ template_filter ] --END-- [ RunTime:-0.007189s ]
INFO: Run Behavior\ParseTemplateBehavior [ RunTime:0.006585s ]
INFO: [ view_parse ] --END-- [ RunTime:-0.000318s ]
INFO: [ view_filter ] --START--
INFO: Run Behavior\WriteHtmlCacheBehavior [ RunTime:0.000009s ]
INFO: [ view_filter ] --END-- [ RunTime:-0.006769s ]
INFO: [ app_end ] --START--
INFO: Run Behavior\ShowPageTraceBehavior [ RunTime:0.000386s ]
INFO: [ app_end ] --END-- [ RunTime:0.000423s ]

